<?xml version="1.0" encoding="UTF-8"?>
<testng-results ignored="0" total="2" passed="2" failed="0" skipped="0">
  <reporter-output>
  </reporter-output>
  <suite started-at="2023-11-28T05:21:43 IST" name="LambaTestSuite" finished-at="2023-11-28T05:22:30 IST" duration-ms="46533">
    <groups>
    </groups>
    <test started-at="2023-11-28T05:21:43 IST" name="WIN8TEST" finished-at="2023-11-28T05:22:01 IST" duration-ms="17820">
      <class name="testng.TestNGTodo">
        <test-method is-config="true" signature="setUp(java.lang.String,java.lang.String,java.lang.String)[pri:0, instance:testng.TestNGTodo@17c386de]" started-at="2023-11-28T05:21:43 IST" name="setUp" finished-at="2023-11-28T05:21:45 IST" duration-ms="1470" status="PASS">
          <params>
            <param index="0">
              <value>
                <![CDATA[chrome]]>
              </value>
            </param>
            <param index="1">
              <value>
                <![CDATA[62.0]]>
              </value>
            </param>
            <param index="2">
              <value>
                <![CDATA[WIN8]]>
              </value>
            </param>
          </params>
          <reporter-output>
          </reporter-output>
        </test-method> <!-- setUp -->
        <test-method signature="testSimple()[pri:0, instance:testng.TestNGTodo@17c386de]" started-at="2023-11-28T05:21:45 IST" name="testSimple" finished-at="2023-11-28T05:22:00 IST" duration-ms="14790" status="PASS">
          <reporter-output>
          </reporter-output>
        </test-method> <!-- testSimple -->
        <test-method is-config="true" signature="tearDown()[pri:0, instance:testng.TestNGTodo@17c386de]" started-at="2023-11-28T05:22:00 IST" name="tearDown" finished-at="2023-11-28T05:22:01 IST" duration-ms="1536" status="PASS">
          <reporter-output>
          </reporter-output>
        </test-method> <!-- tearDown -->
      </class> <!-- testng.TestNGTodo -->
    </test> <!-- WIN8TEST -->
    <test started-at="2023-11-28T05:22:01 IST" name="WIN10TEST" finished-at="2023-11-28T05:22:30 IST" duration-ms="28671">
      <class name="testng.TestNGTodo">
        <test-method is-config="true" signature="setUp(java.lang.String,java.lang.String,java.lang.String)[pri:0, instance:testng.TestNGTodo@45dd4eda]" started-at="2023-11-28T05:22:01 IST" name="setUp" finished-at="2023-11-28T05:22:02 IST" duration-ms="779" status="PASS">
          <params>
            <param index="0">
              <value>
                <![CDATA[firefox]]>
              </value>
            </param>
            <param index="1">
              <value>
                <![CDATA[79.0]]>
              </value>
            </param>
            <param index="2">
              <value>
                <![CDATA[WIN10]]>
              </value>
            </param>
          </params>
          <reporter-output>
          </reporter-output>
        </test-method> <!-- setUp -->
        <test-method signature="testSimple()[pri:0, instance:testng.TestNGTodo@45dd4eda]" started-at="2023-11-28T05:22:02 IST" name="testSimple" finished-at="2023-11-28T05:22:27 IST" duration-ms="24974" status="PASS">
          <reporter-output>
          </reporter-output>
        </test-method> <!-- testSimple -->
        <test-method is-config="true" signature="tearDown()[pri:0, instance:testng.TestNGTodo@45dd4eda]" started-at="2023-11-28T05:22:27 IST" name="tearDown" finished-at="2023-11-28T05:22:30 IST" duration-ms="2914" status="PASS">
          <reporter-output>
          </reporter-output>
        </test-method> <!-- tearDown -->
      </class> <!-- testng.TestNGTodo -->
    </test> <!-- WIN10TEST -->
  </suite> <!-- LambaTestSuite -->
</testng-results>
